<?xml version="1.0" encoding="UTF-8"?>
<coverage generated="1657208140479" clover="3.2.0">
  <project timestamp="1657208140479" name="All files">
    <metrics statements="205" coveredstatements="132" conditionals="8" coveredconditionals="1" methods="30" coveredmethods="14" elements="243" coveredelements="147" complexity="0" loc="205" ncloc="205" packages="1" files="1" classes="1"/>
    <file name="index.js" path="C:\Users\mattr\Desktop\Futureproof\nextone\client\assets\index.js">
      <metrics statements="205" coveredstatements="132" conditionals="8" coveredconditionals="1" methods="30" coveredmethods="14"/>
      <line num="2" count="1" type="stmt"/>
      <line num="29" count="1" type="stmt"/>
      <line num="30" count="1" type="stmt"/>
      <line num="31" count="1" type="stmt"/>
      <line num="32" count="1" type="stmt"/>
      <line num="33" count="0" type="stmt"/>
      <line num="34" count="0" type="stmt"/>
      <line num="35" count="0" type="stmt"/>
      <line num="37" count="0" type="stmt"/>
      <line num="38" count="0" type="stmt"/>
      <line num="40" count="0" type="stmt"/>
      <line num="42" count="1" type="stmt"/>
      <line num="48" count="1" type="stmt"/>
      <line num="49" count="1" type="stmt"/>
      <line num="50" count="2" type="stmt"/>
      <line num="52" count="1" type="stmt"/>
      <line num="56" count="1" type="stmt"/>
      <line num="57" count="1" type="stmt"/>
      <line num="58" count="1" type="stmt"/>
      <line num="59" count="0" type="stmt"/>
      <line num="60" count="0" type="stmt"/>
      <line num="62" count="1" type="stmt"/>
      <line num="67" count="0" type="stmt"/>
      <line num="68" count="0" type="stmt"/>
      <line num="69" count="0" type="stmt"/>
      <line num="72" count="0" type="stmt"/>
      <line num="73" count="0" type="stmt"/>
      <line num="75" count="0" type="stmt"/>
      <line num="80" count="0" type="stmt"/>
      <line num="81" count="0" type="stmt"/>
      <line num="82" count="0" type="stmt"/>
      <line num="83" count="0" type="stmt"/>
      <line num="84" count="0" type="stmt"/>
      <line num="85" count="0" type="stmt"/>
      <line num="86" count="0" type="stmt"/>
      <line num="87" count="0" type="stmt"/>
      <line num="88" count="0" type="stmt"/>
      <line num="90" count="0" type="stmt"/>
      <line num="95" count="3" type="stmt"/>
      <line num="96" count="3" type="stmt"/>
      <line num="97" count="3" type="stmt"/>
      <line num="98" count="3" type="stmt"/>
      <line num="99" count="3" type="stmt"/>
      <line num="100" count="3" type="stmt"/>
      <line num="101" count="3" type="stmt"/>
      <line num="102" count="3" type="stmt"/>
      <line num="103" count="3" type="stmt"/>
      <line num="104" count="3" type="stmt"/>
      <line num="105" count="3" type="stmt"/>
      <line num="106" count="3" type="stmt"/>
      <line num="107" count="3" type="stmt"/>
      <line num="108" count="3" type="stmt"/>
      <line num="109" count="3" type="stmt"/>
      <line num="110" count="3" type="stmt"/>
      <line num="112" count="3" type="stmt"/>
      <line num="113" count="3" type="stmt"/>
      <line num="114" count="3" type="stmt"/>
      <line num="115" count="3" type="stmt"/>
      <line num="117" count="3" type="stmt"/>
      <line num="118" count="3" type="stmt"/>
      <line num="119" count="3" type="stmt"/>
      <line num="124" count="3" type="stmt"/>
      <line num="125" count="3" type="stmt"/>
      <line num="127" count="3" type="stmt"/>
      <line num="128" count="3" type="stmt"/>
      <line num="129" count="3" type="stmt"/>
      <line num="130" count="3" type="stmt"/>
      <line num="131" count="3" type="stmt"/>
      <line num="132" count="3" type="stmt"/>
      <line num="133" count="3" type="stmt"/>
      <line num="134" count="3" type="stmt"/>
      <line num="135" count="3" type="stmt"/>
      <line num="136" count="3" type="stmt"/>
      <line num="137" count="3" type="stmt"/>
      <line num="138" count="3" type="stmt"/>
      <line num="139" count="3" type="stmt"/>
      <line num="140" count="3" type="stmt"/>
      <line num="141" count="3" type="stmt"/>
      <line num="142" count="3" type="stmt"/>
      <line num="143" count="3" type="stmt"/>
      <line num="144" count="3" type="stmt"/>
      <line num="145" count="3" type="stmt"/>
      <line num="146" count="3" type="stmt"/>
      <line num="147" count="3" type="stmt"/>
      <line num="148" count="3" type="stmt"/>
      <line num="149" count="3" type="stmt"/>
      <line num="150" count="3" type="stmt"/>
      <line num="151" count="3" type="stmt"/>
      <line num="152" count="3" type="stmt"/>
      <line num="153" count="3" type="stmt"/>
      <line num="154" count="3" type="stmt"/>
      <line num="155" count="3" type="stmt"/>
      <line num="159" count="3" type="stmt"/>
      <line num="160" count="3" type="cond" truecount="1" falsecount="1"/>
      <line num="161" count="0" type="stmt"/>
      <line num="163" count="3" type="stmt"/>
      <line num="164" count="9" type="stmt"/>
      <line num="165" count="9" type="stmt"/>
      <line num="166" count="9" type="stmt"/>
      <line num="167" count="9" type="stmt"/>
      <line num="169" count="3" type="stmt"/>
      <line num="173" count="0" type="stmt"/>
      <line num="174" count="0" type="stmt"/>
      <line num="175" count="0" type="stmt"/>
      <line num="176" count="0" type="stmt"/>
      <line num="177" count="0" type="stmt"/>
      <line num="178" count="0" type="stmt"/>
      <line num="182" count="0" type="stmt"/>
      <line num="186" count="0" type="stmt"/>
      <line num="187" count="0" type="stmt"/>
      <line num="188" count="0" type="stmt"/>
      <line num="189" count="0" type="stmt"/>
      <line num="190" count="0" type="stmt"/>
      <line num="193" count="0" type="stmt"/>
      <line num="201" count="0" type="cond" truecount="0" falsecount="2"/>
      <line num="204" count="0" type="stmt"/>
      <line num="205" count="0" type="stmt"/>
      <line num="210" count="1" type="stmt"/>
      <line num="213" count="2" type="stmt"/>
      <line num="215" count="1" type="stmt"/>
      <line num="218" count="2" type="stmt"/>
      <line num="220" count="1" type="stmt"/>
      <line num="223" count="2" type="stmt"/>
      <line num="228" count="0" type="stmt"/>
      <line num="229" count="0" type="stmt"/>
      <line num="232" count="0" type="stmt"/>
      <line num="233" count="0" type="stmt"/>
      <line num="236" count="0" type="stmt"/>
      <line num="237" count="0" type="stmt"/>
      <line num="241" count="3" type="stmt"/>
      <line num="242" count="3" type="stmt"/>
      <line num="243" count="3" type="stmt"/>
      <line num="244" count="3" type="stmt"/>
      <line num="245" count="3" type="stmt"/>
      <line num="246" count="3" type="stmt"/>
      <line num="247" count="3" type="stmt"/>
      <line num="248" count="3" type="stmt"/>
      <line num="249" count="3" type="stmt"/>
      <line num="250" count="3" type="stmt"/>
      <line num="252" count="3" type="stmt"/>
      <line num="253" count="0" type="stmt"/>
      <line num="254" count="0" type="stmt"/>
      <line num="255" count="0" type="stmt"/>
      <line num="256" count="0" type="stmt"/>
      <line num="257" count="0" type="stmt"/>
      <line num="258" count="0" type="stmt"/>
      <line num="259" count="0" type="stmt"/>
      <line num="260" count="0" type="stmt"/>
      <line num="262" count="3" type="stmt"/>
      <line num="263" count="3" type="stmt"/>
      <line num="264" count="3" type="stmt"/>
      <line num="268" count="3" type="stmt"/>
      <line num="269" count="0" type="stmt"/>
      <line num="274" count="0" type="stmt"/>
      <line num="275" count="0" type="stmt"/>
      <line num="284" count="0" type="stmt"/>
      <line num="289" count="1" type="stmt"/>
      <line num="290" count="1" type="stmt"/>
      <line num="291" count="1" type="stmt"/>
      <line num="292" count="1" type="stmt"/>
      <line num="293" count="1" type="stmt"/>
      <line num="294" count="1" type="stmt"/>
      <line num="295" count="1" type="stmt"/>
      <line num="296" count="1" type="stmt"/>
      <line num="297" count="1" type="stmt"/>
      <line num="298" count="1" type="stmt"/>
      <line num="299" count="1" type="stmt"/>
      <line num="300" count="1" type="stmt"/>
      <line num="301" count="1" type="stmt"/>
      <line num="302" count="1" type="stmt"/>
      <line num="303" count="1" type="stmt"/>
      <line num="304" count="1" type="stmt"/>
      <line num="305" count="1" type="stmt"/>
      <line num="306" count="1" type="stmt"/>
      <line num="307" count="1" type="stmt"/>
      <line num="308" count="1" type="stmt"/>
      <line num="309" count="1" type="stmt"/>
      <line num="310" count="1" type="stmt"/>
      <line num="311" count="1" type="stmt"/>
      <line num="312" count="1" type="stmt"/>
      <line num="313" count="1" type="stmt"/>
      <line num="319" count="1" type="stmt"/>
      <line num="320" count="1" type="stmt"/>
      <line num="321" count="1" type="stmt"/>
      <line num="324" count="1" type="stmt"/>
      <line num="325" count="0" type="cond" truecount="0" falsecount="2"/>
      <line num="326" count="0" type="stmt"/>
      <line num="328" count="0" type="stmt"/>
      <line num="333" count="1" type="stmt"/>
      <line num="334" count="0" type="stmt"/>
      <line num="338" count="1" type="stmt"/>
      <line num="339" count="1" type="stmt"/>
      <line num="340" count="0" type="stmt"/>
      <line num="341" count="0" type="stmt"/>
      <line num="342" count="0" type="stmt"/>
      <line num="343" count="0" type="stmt"/>
      <line num="344" count="0" type="stmt"/>
      <line num="358" count="0" type="stmt"/>
      <line num="361" count="1" type="stmt"/>
      <line num="362" count="1" type="stmt"/>
      <line num="363" count="0" type="cond" truecount="0" falsecount="2"/>
      <line num="364" count="0" type="stmt"/>
      <line num="366" count="0" type="stmt"/>
      <line num="367" count="0" type="stmt"/>
      <line num="373" count="1" type="stmt"/>
    </file>
  </project>
</coverage>
