{"C:\\Users\\mattr\\Desktop\\Futureproof\\nextone\\client\\assets\\index.js": {"path":"C:\\Users\\mattr\\Desktop\\Futureproof\\nextone\\client\\assets\\index.js","statementMap":{"0":{"start":{"line":2,"column":14},"end":{"line":19,"column":1}},"1":{"start":{"line":25,"column":2},"end":{"line":25,"column":24}},"2":{"start":{"line":26,"column":2},"end":{"line":39,"column":3}},"3":{"start":{"line":27,"column":19},"end":{"line":27,"column":76}},"4":{"start":{"line":28,"column":15},"end":{"line":28,"column":36}},"5":{"start":{"line":29,"column":4},"end":{"line":29,"column":22}},"6":{"start":{"line":30,"column":4},"end":{"line":30,"column":29}},"7":{"start":{"line":31,"column":4},"end":{"line":35,"column":5}},"8":{"start":{"line":31,"column":17},"end":{"line":31,"column":18}},"9":{"start":{"line":33,"column":6},"end":{"line":33,"column":26}},"10":{"start":{"line":34,"column":6},"end":{"line":34,"column":28}},"11":{"start":{"line":36,"column":4},"end":{"line":36,"column":24}},"12":{"start":{"line":38,"column":4},"end":{"line":38,"column":21}},"13":{"start":{"line":44,"column":13},"end":{"line":44,"column":20}},"14":{"start":{"line":45,"column":2},"end":{"line":47,"column":3}},"15":{"start":{"line":45,"column":15},"end":{"line":45,"column":16}},"16":{"start":{"line":46,"column":4},"end":{"line":46,"column":24}},"17":{"start":{"line":48,"column":2},"end":{"line":48,"column":22}},"18":{"start":{"line":52,"column":2},"end":{"line":59,"column":3}},"19":{"start":{"line":53,"column":19},"end":{"line":53,"column":75}},"20":{"start":{"line":54,"column":15},"end":{"line":54,"column":36}},"21":{"start":{"line":55,"column":4},"end":{"line":55,"column":22}},"22":{"start":{"line":56,"column":4},"end":{"line":56,"column":26}},"23":{"start":{"line":58,"column":4},"end":{"line":58,"column":48}},"24":{"start":{"line":63,"column":2},"end":{"line":72,"column":3}},"25":{"start":{"line":64,"column":21},"end":{"line":64,"column":67}},"26":{"start":{"line":65,"column":19},"end":{"line":67,"column":5}},"27":{"start":{"line":68,"column":15},"end":{"line":68,"column":36}},"28":{"start":{"line":69,"column":4},"end":{"line":69,"column":26}},"29":{"start":{"line":71,"column":4},"end":{"line":71,"column":55}},"30":{"start":{"line":76,"column":2},"end":{"line":76,"column":40}},"31":{"start":{"line":77,"column":17},"end":{"line":77,"column":53}},"32":{"start":{"line":78,"column":2},"end":{"line":78,"column":28}},"33":{"start":{"line":79,"column":2},"end":{"line":87,"column":3}},"34":{"start":{"line":79,"column":15},"end":{"line":79,"column":16}},"35":{"start":{"line":80,"column":14},"end":{"line":80,"column":43}},"36":{"start":{"line":81,"column":4},"end":{"line":81,"column":46}},"37":{"start":{"line":82,"column":4},"end":{"line":85,"column":7}},"38":{"start":{"line":83,"column":22},"end":{"line":83,"column":57}},"39":{"start":{"line":84,"column":6},"end":{"line":84,"column":30}},"40":{"start":{"line":86,"column":4},"end":{"line":86,"column":30}},"41":{"start":{"line":91,"column":17},"end":{"line":91,"column":53}},"42":{"start":{"line":92,"column":16},"end":{"line":92,"column":45}},"43":{"start":{"line":93,"column":2},"end":{"line":93,"column":44}},"44":{"start":{"line":94,"column":14},"end":{"line":94,"column":42}},"45":{"start":{"line":95,"column":2},"end":{"line":95,"column":44}},"46":{"start":{"line":96,"column":2},"end":{"line":96,"column":31}},"47":{"start":{"line":97,"column":13},"end":{"line":97,"column":40}},"48":{"start":{"line":98,"column":14},"end":{"line":98,"column":43}},"49":{"start":{"line":99,"column":2},"end":{"line":99,"column":25}},"50":{"start":{"line":100,"column":2},"end":{"line":100,"column":44}},"51":{"start":{"line":101,"column":2},"end":{"line":101,"column":42}},"52":{"start":{"line":102,"column":2},"end":{"line":102,"column":29}},"53":{"start":{"line":103,"column":16},"end":{"line":103,"column":48}},"54":{"start":{"line":104,"column":2},"end":{"line":104,"column":39}},"55":{"start":{"line":105,"column":2},"end":{"line":105,"column":32}},"56":{"start":{"line":106,"column":18},"end":{"line":106,"column":48}},"57":{"start":{"line":108,"column":16},"end":{"line":108,"column":41}},"58":{"start":{"line":109,"column":17},"end":{"line":109,"column":33}},"59":{"start":{"line":110,"column":2},"end":{"line":110,"column":39}},"60":{"start":{"line":111,"column":2},"end":{"line":111,"column":48}},"61":{"start":{"line":113,"column":2},"end":{"line":113,"column":28}},"62":{"start":{"line":114,"column":2},"end":{"line":114,"column":48}},"63":{"start":{"line":115,"column":2},"end":{"line":115,"column":46}},"64":{"start":{"line":120,"column":18},"end":{"line":120,"column":47}},"65":{"start":{"line":121,"column":2},"end":{"line":121,"column":55}},"66":{"start":{"line":123,"column":13},"end":{"line":123,"column":42}},"67":{"start":{"line":124,"column":2},"end":{"line":124,"column":48}},"68":{"start":{"line":125,"column":14},"end":{"line":125,"column":44}},"69":{"start":{"line":126,"column":2},"end":{"line":126,"column":45}},"70":{"start":{"line":127,"column":2},"end":{"line":127,"column":32}},"71":{"start":{"line":128,"column":13},"end":{"line":128,"column":42}},"72":{"start":{"line":129,"column":2},"end":{"line":129,"column":34}},"73":{"start":{"line":130,"column":2},"end":{"line":130,"column":42}},"74":{"start":{"line":131,"column":2},"end":{"line":131,"column":27}},"75":{"start":{"line":132,"column":13},"end":{"line":132,"column":42}},"76":{"start":{"line":133,"column":2},"end":{"line":133,"column":48}},"77":{"start":{"line":134,"column":14},"end":{"line":134,"column":44}},"78":{"start":{"line":135,"column":2},"end":{"line":135,"column":45}},"79":{"start":{"line":136,"column":2},"end":{"line":136,"column":32}},"80":{"start":{"line":137,"column":13},"end":{"line":137,"column":42}},"81":{"start":{"line":138,"column":2},"end":{"line":138,"column":35}},"82":{"start":{"line":139,"column":2},"end":{"line":139,"column":42}},"83":{"start":{"line":140,"column":2},"end":{"line":140,"column":27}},"84":{"start":{"line":141,"column":13},"end":{"line":141,"column":42}},"85":{"start":{"line":142,"column":2},"end":{"line":142,"column":48}},"86":{"start":{"line":143,"column":14},"end":{"line":143,"column":44}},"87":{"start":{"line":144,"column":2},"end":{"line":144,"column":45}},"88":{"start":{"line":145,"column":2},"end":{"line":145,"column":32}},"89":{"start":{"line":146,"column":13},"end":{"line":146,"column":42}},"90":{"start":{"line":147,"column":2},"end":{"line":147,"column":35}},"91":{"start":{"line":148,"column":2},"end":{"line":148,"column":42}},"92":{"start":{"line":149,"column":2},"end":{"line":149,"column":27}},"93":{"start":{"line":150,"column":2},"end":{"line":150,"column":37}},"94":{"start":{"line":151,"column":2},"end":{"line":151,"column":19}},"95":{"start":{"line":155,"column":16},"end":{"line":155,"column":45}},"96":{"start":{"line":156,"column":2},"end":{"line":158,"column":3}},"97":{"start":{"line":157,"column":4},"end":{"line":157,"column":39}},"98":{"start":{"line":159,"column":2},"end":{"line":164,"column":5}},"99":{"start":{"line":160,"column":12},"end":{"line":160,"column":39}},"100":{"start":{"line":161,"column":4},"end":{"line":161,"column":42}},"101":{"start":{"line":162,"column":4},"end":{"line":162,"column":25}},"102":{"start":{"line":163,"column":4},"end":{"line":163,"column":27}},"103":{"start":{"line":165,"column":2},"end":{"line":165,"column":17}},"104":{"start":{"line":169,"column":2},"end":{"line":169,"column":69}},"105":{"start":{"line":170,"column":2},"end":{"line":170,"column":38}},"106":{"start":{"line":171,"column":10},"end":{"line":171,"column":37}},"107":{"start":{"line":172,"column":2},"end":{"line":172,"column":40}},"108":{"start":{"line":173,"column":2},"end":{"line":173,"column":26}},"109":{"start":{"line":174,"column":2},"end":{"line":174,"column":25}},"110":{"start":{"line":178,"column":2},"end":{"line":178,"column":9}},"111":{"start":{"line":182,"column":2},"end":{"line":182,"column":32}},"112":{"start":{"line":183,"column":15},"end":{"line":183,"column":63}},"113":{"start":{"line":184,"column":14},"end":{"line":184,"column":51}},"114":{"start":{"line":185,"column":15},"end":{"line":185,"column":67}},"115":{"start":{"line":186,"column":2},"end":{"line":188,"column":15}},"116":{"start":{"line":189,"column":17},"end":{"line":196,"column":4}},"117":{"start":{"line":197,"column":2},"end":{"line":202,"column":3}},"118":{"start":{"line":200,"column":4},"end":{"line":200,"column":30}},"119":{"start":{"line":201,"column":4},"end":{"line":201,"column":31}},"120":{"start":{"line":206,"column":2},"end":{"line":210,"column":7}},"121":{"start":{"line":209,"column":6},"end":{"line":209,"column":50}},"122":{"start":{"line":211,"column":2},"end":{"line":215,"column":7}},"123":{"start":{"line":214,"column":6},"end":{"line":214,"column":50}},"124":{"start":{"line":216,"column":2},"end":{"line":220,"column":7}},"125":{"start":{"line":219,"column":6},"end":{"line":219,"column":50}},"126":{"start":{"line":224,"column":2},"end":{"line":224,"column":24}},"127":{"start":{"line":225,"column":2},"end":{"line":225,"column":63}},"128":{"start":{"line":228,"column":2},"end":{"line":228,"column":24}},"129":{"start":{"line":229,"column":2},"end":{"line":229,"column":63}},"130":{"start":{"line":232,"column":2},"end":{"line":232,"column":24}},"131":{"start":{"line":233,"column":2},"end":{"line":233,"column":63}},"132":{"start":{"line":237,"column":17},"end":{"line":237,"column":46}},"133":{"start":{"line":238,"column":2},"end":{"line":238,"column":46}},"134":{"start":{"line":239,"column":19},"end":{"line":239,"column":50}},"135":{"start":{"line":240,"column":2},"end":{"line":240,"column":50}},"136":{"start":{"line":241,"column":2},"end":{"line":241,"column":27}},"137":{"start":{"line":242,"column":2},"end":{"line":242,"column":29}},"138":{"start":{"line":243,"column":20},"end":{"line":243,"column":52}},"139":{"start":{"line":244,"column":2},"end":{"line":244,"column":30}},"140":{"start":{"line":245,"column":2},"end":{"line":245,"column":35}},"141":{"start":{"line":246,"column":2},"end":{"line":246,"column":49}},"142":{"start":{"line":248,"column":2},"end":{"line":257,"column":5}},"143":{"start":{"line":249,"column":4},"end":{"line":249,"column":27}},"144":{"start":{"line":250,"column":17},"end":{"line":250,"column":36}},"145":{"start":{"line":251,"column":16},"end":{"line":251,"column":24}},"146":{"start":{"line":252,"column":16},"end":{"line":252,"column":68}},"147":{"start":{"line":253,"column":4},"end":{"line":253,"column":49}},"148":{"start":{"line":254,"column":4},"end":{"line":254,"column":36}},"149":{"start":{"line":255,"column":4},"end":{"line":255,"column":45}},"150":{"start":{"line":256,"column":4},"end":{"line":256,"column":26}},"151":{"start":{"line":258,"column":2},"end":{"line":258,"column":43}},"152":{"start":{"line":259,"column":2},"end":{"line":259,"column":34}},"153":{"start":{"line":260,"column":2},"end":{"line":260,"column":18}},"154":{"start":{"line":264,"column":2},"end":{"line":266,"column":5}},"155":{"start":{"line":265,"column":4},"end":{"line":265,"column":31}},"156":{"start":{"line":270,"column":2},"end":{"line":281,"column":3}},"157":{"start":{"line":271,"column":19},"end":{"line":278,"column":6}},"158":{"start":{"line":280,"column":4},"end":{"line":280,"column":21}},"159":{"start":{"line":285,"column":2},"end":{"line":285,"column":42}},"160":{"start":{"line":286,"column":21},"end":{"line":286,"column":50}},"161":{"start":{"line":287,"column":2},"end":{"line":287,"column":54}},"162":{"start":{"line":288,"column":18},"end":{"line":288,"column":49}},"163":{"start":{"line":289,"column":24},"end":{"line":289,"column":53}},"164":{"start":{"line":290,"column":2},"end":{"line":290,"column":61}},"165":{"start":{"line":291,"column":2},"end":{"line":291,"column":28}},"166":{"start":{"line":292,"column":2},"end":{"line":292,"column":24}},"167":{"start":{"line":293,"column":2},"end":{"line":293,"column":48}},"168":{"start":{"line":294,"column":2},"end":{"line":294,"column":47}},"169":{"start":{"line":295,"column":2},"end":{"line":295,"column":50}},"170":{"start":{"line":296,"column":21},"end":{"line":296,"column":53}},"171":{"start":{"line":297,"column":2},"end":{"line":297,"column":31}},"172":{"start":{"line":298,"column":2},"end":{"line":298,"column":38}},"173":{"start":{"line":299,"column":2},"end":{"line":299,"column":55}},"174":{"start":{"line":300,"column":2},"end":{"line":300,"column":36}},"175":{"start":{"line":301,"column":2},"end":{"line":301,"column":30}},"176":{"start":{"line":302,"column":2},"end":{"line":302,"column":52}},"177":{"start":{"line":303,"column":15},"end":{"line":303,"column":44}},"178":{"start":{"line":304,"column":2},"end":{"line":304,"column":44}},"179":{"start":{"line":305,"column":2},"end":{"line":305,"column":38}},"180":{"start":{"line":306,"column":2},"end":{"line":306,"column":63}},"181":{"start":{"line":307,"column":2},"end":{"line":307,"column":32}},"182":{"start":{"line":308,"column":2},"end":{"line":308,"column":31}},"183":{"start":{"line":309,"column":2},"end":{"line":309,"column":19}},"184":{"start":{"line":315,"column":17},"end":{"line":315,"column":51}},"185":{"start":{"line":316,"column":17},"end":{"line":316,"column":46}},"186":{"start":{"line":317,"column":22},"end":{"line":317,"column":54}},"187":{"start":{"line":320,"column":2},"end":{"line":327,"column":5}},"188":{"start":{"line":321,"column":4},"end":{"line":325,"column":5}},"189":{"start":{"line":322,"column":6},"end":{"line":322,"column":37}},"190":{"start":{"line":324,"column":6},"end":{"line":324,"column":36}},"191":{"start":{"line":329,"column":0},"end":{"line":331,"column":3}},"192":{"start":{"line":330,"column":2},"end":{"line":330,"column":32}},"193":{"start":{"line":334,"column":18},"end":{"line":334,"column":58}},"194":{"start":{"line":335,"column":0},"end":{"line":355,"column":3}},"195":{"start":{"line":336,"column":2},"end":{"line":336,"column":21}},"196":{"start":{"line":337,"column":18},"end":{"line":337,"column":61}},"197":{"start":{"line":338,"column":17},"end":{"line":338,"column":59}},"198":{"start":{"line":339,"column":16},"end":{"line":339,"column":55}},"199":{"start":{"line":340,"column":17},"end":{"line":353,"column":4}},"200":{"start":{"line":354,"column":2},"end":{"line":354,"column":20}},"201":{"start":{"line":357,"column":15},"end":{"line":357,"column":51}},"202":{"start":{"line":358,"column":0},"end":{"line":364,"column":3}},"203":{"start":{"line":359,"column":2},"end":{"line":361,"column":3}},"204":{"start":{"line":360,"column":4},"end":{"line":360,"column":50}},"205":{"start":{"line":362,"column":20},"end":{"line":362,"column":59}},"206":{"start":{"line":363,"column":2},"end":{"line":363,"column":93}},"207":{"start":{"line":369,"column":0},"end":{"line":377,"column":1}}},"fnMap":{"0":{"name":"getPosts","decl":{"start":{"line":24,"column":15},"end":{"line":24,"column":23}},"loc":{"start":{"line":24,"column":26},"end":{"line":40,"column":1}},"line":24},"1":{"name":"getTestPosts","decl":{"start":{"line":43,"column":9},"end":{"line":43,"column":21}},"loc":{"start":{"line":43,"column":24},"end":{"line":49,"column":1}},"line":43},"2":{"name":"getTrendingGifs","decl":{"start":{"line":51,"column":15},"end":{"line":51,"column":30}},"loc":{"start":{"line":51,"column":33},"end":{"line":60,"column":1}},"line":51},"3":{"name":"getSearchGifs","decl":{"start":{"line":62,"column":15},"end":{"line":62,"column":28}},"loc":{"start":{"line":62,"column":31},"end":{"line":73,"column":1}},"line":62},"4":{"name":"createGifs","decl":{"start":{"line":75,"column":9},"end":{"line":75,"column":19}},"loc":{"start":{"line":75,"column":29},"end":{"line":88,"column":1}},"line":75},"5":{"name":"(anonymous_5)","decl":{"start":{"line":82,"column":34},"end":{"line":82,"column":35}},"loc":{"start":{"line":82,"column":40},"end":{"line":85,"column":5}},"line":82},"6":{"name":"createPost","decl":{"start":{"line":90,"column":9},"end":{"line":90,"column":19}},"loc":{"start":{"line":90,"column":26},"end":{"line":116,"column":1}},"line":90},"7":{"name":"createReactions","decl":{"start":{"line":118,"column":9},"end":{"line":118,"column":24}},"loc":{"start":{"line":118,"column":35},"end":{"line":152,"column":1}},"line":118},"8":{"name":"createReplies","decl":{"start":{"line":154,"column":9},"end":{"line":154,"column":22}},"loc":{"start":{"line":154,"column":35},"end":{"line":166,"column":1}},"line":154},"9":{"name":"(anonymous_9)","decl":{"start":{"line":159,"column":21},"end":{"line":159,"column":22}},"loc":{"start":{"line":159,"column":33},"end":{"line":164,"column":3}},"line":159},"10":{"name":"appendReply","decl":{"start":{"line":168,"column":9},"end":{"line":168,"column":20}},"loc":{"start":{"line":168,"column":43},"end":{"line":175,"column":1}},"line":168},"11":{"name":"submitPost","decl":{"start":{"line":177,"column":9},"end":{"line":177,"column":19}},"loc":{"start":{"line":177,"column":23},"end":{"line":179,"column":1}},"line":177},"12":{"name":"submitEmoji","decl":{"start":{"line":181,"column":15},"end":{"line":181,"column":26}},"loc":{"start":{"line":181,"column":37},"end":{"line":203,"column":1}},"line":181},"13":{"name":"addEmojiListeners","decl":{"start":{"line":205,"column":9},"end":{"line":205,"column":26}},"loc":{"start":{"line":205,"column":29},"end":{"line":221,"column":1}},"line":205},"14":{"name":"(anonymous_14)","decl":{"start":{"line":208,"column":13},"end":{"line":208,"column":14}},"loc":{"start":{"line":208,"column":24},"end":{"line":210,"column":5}},"line":208},"15":{"name":"(anonymous_15)","decl":{"start":{"line":213,"column":13},"end":{"line":213,"column":14}},"loc":{"start":{"line":213,"column":24},"end":{"line":215,"column":5}},"line":213},"16":{"name":"(anonymous_16)","decl":{"start":{"line":218,"column":13},"end":{"line":218,"column":14}},"loc":{"start":{"line":218,"column":24},"end":{"line":220,"column":5}},"line":218},"17":{"name":"emoji1Func","decl":{"start":{"line":223,"column":9},"end":{"line":223,"column":19}},"loc":{"start":{"line":223,"column":27},"end":{"line":226,"column":1}},"line":223},"18":{"name":"emoji2Func","decl":{"start":{"line":227,"column":9},"end":{"line":227,"column":19}},"loc":{"start":{"line":227,"column":27},"end":{"line":230,"column":1}},"line":227},"19":{"name":"emoji3Func","decl":{"start":{"line":231,"column":9},"end":{"line":231,"column":19}},"loc":{"start":{"line":231,"column":27},"end":{"line":234,"column":1}},"line":231},"20":{"name":"createReplyBox","decl":{"start":{"line":236,"column":9},"end":{"line":236,"column":23}},"loc":{"start":{"line":236,"column":26},"end":{"line":261,"column":1}},"line":236},"21":{"name":"(anonymous_21)","decl":{"start":{"line":248,"column":40},"end":{"line":248,"column":41}},"loc":{"start":{"line":248,"column":46},"end":{"line":257,"column":3}},"line":248},"22":{"name":"addReplyListeners","decl":{"start":{"line":263,"column":9},"end":{"line":263,"column":26}},"loc":{"start":{"line":263,"column":40},"end":{"line":267,"column":1}},"line":263},"23":{"name":"(anonymous_23)","decl":{"start":{"line":264,"column":35},"end":{"line":264,"column":36}},"loc":{"start":{"line":264,"column":41},"end":{"line":266,"column":3}},"line":264},"24":{"name":"postReply","decl":{"start":{"line":269,"column":15},"end":{"line":269,"column":24}},"loc":{"start":{"line":269,"column":44},"end":{"line":282,"column":1}},"line":269},"25":{"name":"createGifBox","decl":{"start":{"line":284,"column":9},"end":{"line":284,"column":21}},"loc":{"start":{"line":284,"column":23},"end":{"line":310,"column":1}},"line":284},"26":{"name":"(anonymous_26)","decl":{"start":{"line":320,"column":35},"end":{"line":320,"column":36}},"loc":{"start":{"line":320,"column":42},"end":{"line":327,"column":3}},"line":320},"27":{"name":"(anonymous_27)","decl":{"start":{"line":329,"column":38},"end":{"line":329,"column":39}},"loc":{"start":{"line":329,"column":44},"end":{"line":331,"column":1}},"line":329},"28":{"name":"(anonymous_28)","decl":{"start":{"line":335,"column":39},"end":{"line":335,"column":40}},"loc":{"start":{"line":335,"column":52},"end":{"line":355,"column":1}},"line":335},"29":{"name":"(anonymous_29)","decl":{"start":{"line":358,"column":35},"end":{"line":358,"column":36}},"loc":{"start":{"line":358,"column":42},"end":{"line":364,"column":1}},"line":358}},"branchMap":{"0":{"loc":{"start":{"line":156,"column":2},"end":{"line":158,"column":3}},"type":"if","locations":[{"start":{"line":156,"column":2},"end":{"line":158,"column":3}},{"start":{},"end":{}}],"line":156},"1":{"loc":{"start":{"line":197,"column":2},"end":{"line":202,"column":3}},"type":"if","locations":[{"start":{"line":197,"column":2},"end":{"line":202,"column":3}},{"start":{"line":199,"column":9},"end":{"line":202,"column":3}}],"line":197},"2":{"loc":{"start":{"line":321,"column":4},"end":{"line":325,"column":5}},"type":"if","locations":[{"start":{"line":321,"column":4},"end":{"line":325,"column":5}},{"start":{"line":323,"column":10},"end":{"line":325,"column":5}}],"line":321},"3":{"loc":{"start":{"line":359,"column":2},"end":{"line":361,"column":3}},"type":"if","locations":[{"start":{"line":359,"column":2},"end":{"line":361,"column":3}},{"start":{},"end":{}}],"line":359}},"s":{"0":1,"1":1,"2":1,"3":1,"4":1,"5":0,"6":0,"7":0,"8":0,"9":0,"10":0,"11":0,"12":1,"13":0,"14":0,"15":0,"16":0,"17":0,"18":1,"19":1,"20":1,"21":0,"22":0,"23":1,"24":0,"25":0,"26":0,"27":0,"28":0,"29":0,"30":0,"31":0,"32":0,"33":0,"34":0,"35":0,"36":0,"37":0,"38":0,"39":0,"40":0,"41":0,"42":0,"43":0,"44":0,"45":0,"46":0,"47":0,"48":0,"49":0,"50":0,"51":0,"52":0,"53":0,"54":0,"55":0,"56":0,"57":0,"58":0,"59":0,"60":0,"61":0,"62":0,"63":0,"64":0,"65":0,"66":0,"67":0,"68":0,"69":0,"70":0,"71":0,"72":0,"73":0,"74":0,"75":0,"76":0,"77":0,"78":0,"79":0,"80":0,"81":0,"82":0,"83":0,"84":0,"85":0,"86":0,"87":0,"88":0,"89":0,"90":0,"91":0,"92":0,"93":0,"94":0,"95":0,"96":0,"97":0,"98":0,"99":0,"100":0,"101":0,"102":0,"103":0,"104":0,"105":0,"106":0,"107":0,"108":0,"109":0,"110":0,"111":0,"112":0,"113":0,"114":0,"115":0,"116":0,"117":0,"118":0,"119":0,"120":0,"121":0,"122":0,"123":0,"124":0,"125":0,"126":0,"127":0,"128":0,"129":0,"130":0,"131":0,"132":0,"133":0,"134":0,"135":0,"136":0,"137":0,"138":0,"139":0,"140":0,"141":0,"142":0,"143":0,"144":0,"145":0,"146":0,"147":0,"148":0,"149":0,"150":0,"151":0,"152":0,"153":0,"154":0,"155":0,"156":0,"157":0,"158":0,"159":1,"160":1,"161":1,"162":1,"163":1,"164":1,"165":1,"166":1,"167":1,"168":1,"169":1,"170":1,"171":1,"172":1,"173":1,"174":1,"175":1,"176":1,"177":1,"178":1,"179":1,"180":1,"181":1,"182":1,"183":1,"184":1,"185":1,"186":1,"187":1,"188":0,"189":0,"190":0,"191":1,"192":0,"193":1,"194":1,"195":0,"196":0,"197":0,"198":0,"199":0,"200":0,"201":1,"202":1,"203":0,"204":0,"205":0,"206":0,"207":1},"f":{"0":1,"1":0,"2":1,"3":0,"4":0,"5":0,"6":0,"7":0,"8":0,"9":0,"10":0,"11":0,"12":0,"13":0,"14":0,"15":0,"16":0,"17":0,"18":0,"19":0,"20":0,"21":0,"22":0,"23":0,"24":0,"25":1,"26":0,"27":0,"28":0,"29":0},"b":{"0":[0,0],"1":[0,0],"2":[0,0],"3":[0,0]},"_coverageSchema":"1a1c01bbd47fc00a2c39e90264f33305004495a9","hash":"9aacb7ad0b2e5d89f388dedb37181602ca796158"}
}
