{"C:\\Users\\mattr\\Desktop\\Futureproof\\nextone\\client\\assets\\index.js": {"path":"C:\\Users\\mattr\\Desktop\\Futureproof\\nextone\\client\\assets\\index.js","statementMap":{"0":{"start":{"line":2,"column":14},"end":{"line":23,"column":1}},"1":{"start":{"line":29,"column":2},"end":{"line":29,"column":24}},"2":{"start":{"line":30,"column":2},"end":{"line":43,"column":3}},"3":{"start":{"line":31,"column":19},"end":{"line":31,"column":76}},"4":{"start":{"line":32,"column":15},"end":{"line":32,"column":36}},"5":{"start":{"line":33,"column":4},"end":{"line":33,"column":22}},"6":{"start":{"line":34,"column":4},"end":{"line":34,"column":29}},"7":{"start":{"line":35,"column":4},"end":{"line":39,"column":5}},"8":{"start":{"line":35,"column":17},"end":{"line":35,"column":18}},"9":{"start":{"line":37,"column":6},"end":{"line":37,"column":26}},"10":{"start":{"line":38,"column":6},"end":{"line":38,"column":28}},"11":{"start":{"line":40,"column":4},"end":{"line":40,"column":24}},"12":{"start":{"line":42,"column":4},"end":{"line":42,"column":21}},"13":{"start":{"line":48,"column":13},"end":{"line":48,"column":20}},"14":{"start":{"line":49,"column":2},"end":{"line":51,"column":3}},"15":{"start":{"line":49,"column":15},"end":{"line":49,"column":16}},"16":{"start":{"line":50,"column":4},"end":{"line":50,"column":24}},"17":{"start":{"line":52,"column":2},"end":{"line":52,"column":22}},"18":{"start":{"line":56,"column":2},"end":{"line":63,"column":3}},"19":{"start":{"line":57,"column":19},"end":{"line":57,"column":75}},"20":{"start":{"line":58,"column":15},"end":{"line":58,"column":36}},"21":{"start":{"line":59,"column":4},"end":{"line":59,"column":22}},"22":{"start":{"line":60,"column":4},"end":{"line":60,"column":26}},"23":{"start":{"line":62,"column":4},"end":{"line":62,"column":48}},"24":{"start":{"line":67,"column":2},"end":{"line":76,"column":3}},"25":{"start":{"line":68,"column":21},"end":{"line":68,"column":67}},"26":{"start":{"line":69,"column":19},"end":{"line":71,"column":5}},"27":{"start":{"line":72,"column":15},"end":{"line":72,"column":36}},"28":{"start":{"line":73,"column":4},"end":{"line":73,"column":26}},"29":{"start":{"line":75,"column":4},"end":{"line":75,"column":55}},"30":{"start":{"line":80,"column":2},"end":{"line":80,"column":40}},"31":{"start":{"line":81,"column":17},"end":{"line":81,"column":53}},"32":{"start":{"line":82,"column":2},"end":{"line":82,"column":28}},"33":{"start":{"line":83,"column":2},"end":{"line":91,"column":3}},"34":{"start":{"line":83,"column":15},"end":{"line":83,"column":16}},"35":{"start":{"line":84,"column":14},"end":{"line":84,"column":43}},"36":{"start":{"line":85,"column":4},"end":{"line":85,"column":46}},"37":{"start":{"line":86,"column":4},"end":{"line":89,"column":7}},"38":{"start":{"line":87,"column":22},"end":{"line":87,"column":57}},"39":{"start":{"line":88,"column":6},"end":{"line":88,"column":30}},"40":{"start":{"line":90,"column":4},"end":{"line":90,"column":30}},"41":{"start":{"line":95,"column":17},"end":{"line":95,"column":53}},"42":{"start":{"line":96,"column":16},"end":{"line":96,"column":45}},"43":{"start":{"line":97,"column":2},"end":{"line":97,"column":44}},"44":{"start":{"line":98,"column":14},"end":{"line":98,"column":42}},"45":{"start":{"line":99,"column":2},"end":{"line":99,"column":44}},"46":{"start":{"line":100,"column":2},"end":{"line":100,"column":31}},"47":{"start":{"line":101,"column":13},"end":{"line":101,"column":40}},"48":{"start":{"line":102,"column":14},"end":{"line":102,"column":43}},"49":{"start":{"line":103,"column":2},"end":{"line":103,"column":25}},"50":{"start":{"line":104,"column":2},"end":{"line":104,"column":44}},"51":{"start":{"line":105,"column":2},"end":{"line":105,"column":42}},"52":{"start":{"line":106,"column":2},"end":{"line":106,"column":29}},"53":{"start":{"line":107,"column":16},"end":{"line":107,"column":48}},"54":{"start":{"line":108,"column":2},"end":{"line":108,"column":39}},"55":{"start":{"line":109,"column":2},"end":{"line":109,"column":32}},"56":{"start":{"line":110,"column":18},"end":{"line":110,"column":48}},"57":{"start":{"line":112,"column":16},"end":{"line":112,"column":41}},"58":{"start":{"line":113,"column":17},"end":{"line":113,"column":33}},"59":{"start":{"line":114,"column":2},"end":{"line":114,"column":39}},"60":{"start":{"line":115,"column":2},"end":{"line":115,"column":48}},"61":{"start":{"line":117,"column":2},"end":{"line":117,"column":28}},"62":{"start":{"line":118,"column":2},"end":{"line":118,"column":48}},"63":{"start":{"line":119,"column":2},"end":{"line":119,"column":46}},"64":{"start":{"line":124,"column":18},"end":{"line":124,"column":47}},"65":{"start":{"line":125,"column":2},"end":{"line":125,"column":55}},"66":{"start":{"line":127,"column":13},"end":{"line":127,"column":42}},"67":{"start":{"line":128,"column":2},"end":{"line":128,"column":48}},"68":{"start":{"line":129,"column":14},"end":{"line":129,"column":44}},"69":{"start":{"line":130,"column":2},"end":{"line":130,"column":45}},"70":{"start":{"line":131,"column":2},"end":{"line":131,"column":32}},"71":{"start":{"line":132,"column":13},"end":{"line":132,"column":42}},"72":{"start":{"line":133,"column":2},"end":{"line":133,"column":34}},"73":{"start":{"line":134,"column":2},"end":{"line":134,"column":42}},"74":{"start":{"line":135,"column":2},"end":{"line":135,"column":27}},"75":{"start":{"line":136,"column":13},"end":{"line":136,"column":42}},"76":{"start":{"line":137,"column":2},"end":{"line":137,"column":48}},"77":{"start":{"line":138,"column":14},"end":{"line":138,"column":44}},"78":{"start":{"line":139,"column":2},"end":{"line":139,"column":45}},"79":{"start":{"line":140,"column":2},"end":{"line":140,"column":32}},"80":{"start":{"line":141,"column":13},"end":{"line":141,"column":42}},"81":{"start":{"line":142,"column":2},"end":{"line":142,"column":35}},"82":{"start":{"line":143,"column":2},"end":{"line":143,"column":42}},"83":{"start":{"line":144,"column":2},"end":{"line":144,"column":27}},"84":{"start":{"line":145,"column":13},"end":{"line":145,"column":42}},"85":{"start":{"line":146,"column":2},"end":{"line":146,"column":48}},"86":{"start":{"line":147,"column":14},"end":{"line":147,"column":44}},"87":{"start":{"line":148,"column":2},"end":{"line":148,"column":45}},"88":{"start":{"line":149,"column":2},"end":{"line":149,"column":32}},"89":{"start":{"line":150,"column":13},"end":{"line":150,"column":42}},"90":{"start":{"line":151,"column":2},"end":{"line":151,"column":35}},"91":{"start":{"line":152,"column":2},"end":{"line":152,"column":42}},"92":{"start":{"line":153,"column":2},"end":{"line":153,"column":27}},"93":{"start":{"line":154,"column":2},"end":{"line":154,"column":37}},"94":{"start":{"line":155,"column":2},"end":{"line":155,"column":19}},"95":{"start":{"line":159,"column":16},"end":{"line":159,"column":45}},"96":{"start":{"line":160,"column":2},"end":{"line":162,"column":3}},"97":{"start":{"line":161,"column":4},"end":{"line":161,"column":39}},"98":{"start":{"line":163,"column":2},"end":{"line":168,"column":5}},"99":{"start":{"line":164,"column":12},"end":{"line":164,"column":39}},"100":{"start":{"line":165,"column":4},"end":{"line":165,"column":42}},"101":{"start":{"line":166,"column":4},"end":{"line":166,"column":25}},"102":{"start":{"line":167,"column":4},"end":{"line":167,"column":27}},"103":{"start":{"line":169,"column":2},"end":{"line":169,"column":17}},"104":{"start":{"line":173,"column":2},"end":{"line":173,"column":69}},"105":{"start":{"line":174,"column":2},"end":{"line":174,"column":38}},"106":{"start":{"line":175,"column":10},"end":{"line":175,"column":37}},"107":{"start":{"line":176,"column":2},"end":{"line":176,"column":40}},"108":{"start":{"line":177,"column":2},"end":{"line":177,"column":26}},"109":{"start":{"line":178,"column":2},"end":{"line":178,"column":25}},"110":{"start":{"line":182,"column":2},"end":{"line":182,"column":9}},"111":{"start":{"line":186,"column":2},"end":{"line":186,"column":32}},"112":{"start":{"line":187,"column":15},"end":{"line":187,"column":63}},"113":{"start":{"line":188,"column":14},"end":{"line":188,"column":51}},"114":{"start":{"line":189,"column":15},"end":{"line":189,"column":67}},"115":{"start":{"line":190,"column":2},"end":{"line":192,"column":15}},"116":{"start":{"line":193,"column":17},"end":{"line":200,"column":4}},"117":{"start":{"line":201,"column":2},"end":{"line":206,"column":3}},"118":{"start":{"line":204,"column":4},"end":{"line":204,"column":30}},"119":{"start":{"line":205,"column":4},"end":{"line":205,"column":31}},"120":{"start":{"line":210,"column":2},"end":{"line":214,"column":7}},"121":{"start":{"line":213,"column":6},"end":{"line":213,"column":50}},"122":{"start":{"line":215,"column":2},"end":{"line":219,"column":7}},"123":{"start":{"line":218,"column":6},"end":{"line":218,"column":50}},"124":{"start":{"line":220,"column":2},"end":{"line":224,"column":7}},"125":{"start":{"line":223,"column":6},"end":{"line":223,"column":50}},"126":{"start":{"line":228,"column":2},"end":{"line":228,"column":24}},"127":{"start":{"line":229,"column":2},"end":{"line":229,"column":63}},"128":{"start":{"line":232,"column":2},"end":{"line":232,"column":24}},"129":{"start":{"line":233,"column":2},"end":{"line":233,"column":63}},"130":{"start":{"line":236,"column":2},"end":{"line":236,"column":24}},"131":{"start":{"line":237,"column":2},"end":{"line":237,"column":63}},"132":{"start":{"line":241,"column":17},"end":{"line":241,"column":46}},"133":{"start":{"line":242,"column":2},"end":{"line":242,"column":46}},"134":{"start":{"line":243,"column":19},"end":{"line":243,"column":50}},"135":{"start":{"line":244,"column":2},"end":{"line":244,"column":50}},"136":{"start":{"line":245,"column":2},"end":{"line":245,"column":27}},"137":{"start":{"line":246,"column":2},"end":{"line":246,"column":29}},"138":{"start":{"line":247,"column":20},"end":{"line":247,"column":52}},"139":{"start":{"line":248,"column":2},"end":{"line":248,"column":30}},"140":{"start":{"line":249,"column":2},"end":{"line":249,"column":35}},"141":{"start":{"line":250,"column":2},"end":{"line":250,"column":49}},"142":{"start":{"line":252,"column":2},"end":{"line":261,"column":5}},"143":{"start":{"line":253,"column":4},"end":{"line":253,"column":27}},"144":{"start":{"line":254,"column":17},"end":{"line":254,"column":36}},"145":{"start":{"line":255,"column":16},"end":{"line":255,"column":24}},"146":{"start":{"line":256,"column":16},"end":{"line":256,"column":68}},"147":{"start":{"line":257,"column":4},"end":{"line":257,"column":49}},"148":{"start":{"line":258,"column":4},"end":{"line":258,"column":36}},"149":{"start":{"line":259,"column":4},"end":{"line":259,"column":45}},"150":{"start":{"line":260,"column":4},"end":{"line":260,"column":26}},"151":{"start":{"line":262,"column":2},"end":{"line":262,"column":43}},"152":{"start":{"line":263,"column":2},"end":{"line":263,"column":34}},"153":{"start":{"line":264,"column":2},"end":{"line":264,"column":18}},"154":{"start":{"line":268,"column":2},"end":{"line":270,"column":5}},"155":{"start":{"line":269,"column":4},"end":{"line":269,"column":31}},"156":{"start":{"line":274,"column":2},"end":{"line":285,"column":3}},"157":{"start":{"line":275,"column":19},"end":{"line":282,"column":6}},"158":{"start":{"line":284,"column":4},"end":{"line":284,"column":21}},"159":{"start":{"line":289,"column":2},"end":{"line":289,"column":42}},"160":{"start":{"line":290,"column":21},"end":{"line":290,"column":50}},"161":{"start":{"line":291,"column":2},"end":{"line":291,"column":54}},"162":{"start":{"line":292,"column":18},"end":{"line":292,"column":49}},"163":{"start":{"line":293,"column":24},"end":{"line":293,"column":53}},"164":{"start":{"line":294,"column":2},"end":{"line":294,"column":61}},"165":{"start":{"line":295,"column":2},"end":{"line":295,"column":28}},"166":{"start":{"line":296,"column":2},"end":{"line":296,"column":24}},"167":{"start":{"line":297,"column":2},"end":{"line":297,"column":48}},"168":{"start":{"line":298,"column":2},"end":{"line":298,"column":47}},"169":{"start":{"line":299,"column":2},"end":{"line":299,"column":50}},"170":{"start":{"line":300,"column":21},"end":{"line":300,"column":53}},"171":{"start":{"line":301,"column":2},"end":{"line":301,"column":31}},"172":{"start":{"line":302,"column":2},"end":{"line":302,"column":38}},"173":{"start":{"line":303,"column":2},"end":{"line":303,"column":55}},"174":{"start":{"line":304,"column":2},"end":{"line":304,"column":36}},"175":{"start":{"line":305,"column":2},"end":{"line":305,"column":30}},"176":{"start":{"line":306,"column":2},"end":{"line":306,"column":52}},"177":{"start":{"line":307,"column":15},"end":{"line":307,"column":44}},"178":{"start":{"line":308,"column":2},"end":{"line":308,"column":44}},"179":{"start":{"line":309,"column":2},"end":{"line":309,"column":38}},"180":{"start":{"line":310,"column":2},"end":{"line":310,"column":63}},"181":{"start":{"line":311,"column":2},"end":{"line":311,"column":32}},"182":{"start":{"line":312,"column":2},"end":{"line":312,"column":31}},"183":{"start":{"line":313,"column":2},"end":{"line":313,"column":19}},"184":{"start":{"line":319,"column":17},"end":{"line":319,"column":51}},"185":{"start":{"line":320,"column":17},"end":{"line":320,"column":46}},"186":{"start":{"line":321,"column":22},"end":{"line":321,"column":54}},"187":{"start":{"line":324,"column":2},"end":{"line":331,"column":5}},"188":{"start":{"line":325,"column":4},"end":{"line":329,"column":5}},"189":{"start":{"line":326,"column":6},"end":{"line":326,"column":37}},"190":{"start":{"line":328,"column":6},"end":{"line":328,"column":36}},"191":{"start":{"line":333,"column":0},"end":{"line":335,"column":3}},"192":{"start":{"line":334,"column":2},"end":{"line":334,"column":32}},"193":{"start":{"line":338,"column":18},"end":{"line":338,"column":58}},"194":{"start":{"line":339,"column":0},"end":{"line":359,"column":3}},"195":{"start":{"line":340,"column":2},"end":{"line":340,"column":21}},"196":{"start":{"line":341,"column":18},"end":{"line":341,"column":61}},"197":{"start":{"line":342,"column":17},"end":{"line":342,"column":59}},"198":{"start":{"line":343,"column":16},"end":{"line":343,"column":55}},"199":{"start":{"line":344,"column":17},"end":{"line":357,"column":4}},"200":{"start":{"line":358,"column":2},"end":{"line":358,"column":20}},"201":{"start":{"line":361,"column":15},"end":{"line":361,"column":51}},"202":{"start":{"line":362,"column":0},"end":{"line":368,"column":3}},"203":{"start":{"line":363,"column":2},"end":{"line":365,"column":3}},"204":{"start":{"line":364,"column":4},"end":{"line":364,"column":50}},"205":{"start":{"line":366,"column":20},"end":{"line":366,"column":59}},"206":{"start":{"line":367,"column":2},"end":{"line":367,"column":93}},"207":{"start":{"line":373,"column":0},"end":{"line":382,"column":1}}},"fnMap":{"0":{"name":"getPosts","decl":{"start":{"line":28,"column":15},"end":{"line":28,"column":23}},"loc":{"start":{"line":28,"column":26},"end":{"line":44,"column":1}},"line":28},"1":{"name":"getTestPosts","decl":{"start":{"line":47,"column":9},"end":{"line":47,"column":21}},"loc":{"start":{"line":47,"column":24},"end":{"line":53,"column":1}},"line":47},"2":{"name":"getTrendingGifs","decl":{"start":{"line":55,"column":15},"end":{"line":55,"column":30}},"loc":{"start":{"line":55,"column":33},"end":{"line":64,"column":1}},"line":55},"3":{"name":"getSearchGifs","decl":{"start":{"line":66,"column":15},"end":{"line":66,"column":28}},"loc":{"start":{"line":66,"column":31},"end":{"line":77,"column":1}},"line":66},"4":{"name":"createGifs","decl":{"start":{"line":79,"column":9},"end":{"line":79,"column":19}},"loc":{"start":{"line":79,"column":29},"end":{"line":92,"column":1}},"line":79},"5":{"name":"(anonymous_5)","decl":{"start":{"line":86,"column":34},"end":{"line":86,"column":35}},"loc":{"start":{"line":86,"column":40},"end":{"line":89,"column":5}},"line":86},"6":{"name":"createPost","decl":{"start":{"line":94,"column":9},"end":{"line":94,"column":19}},"loc":{"start":{"line":94,"column":26},"end":{"line":120,"column":1}},"line":94},"7":{"name":"createReactions","decl":{"start":{"line":122,"column":9},"end":{"line":122,"column":24}},"loc":{"start":{"line":122,"column":35},"end":{"line":156,"column":1}},"line":122},"8":{"name":"createReplies","decl":{"start":{"line":158,"column":9},"end":{"line":158,"column":22}},"loc":{"start":{"line":158,"column":35},"end":{"line":170,"column":1}},"line":158},"9":{"name":"(anonymous_9)","decl":{"start":{"line":163,"column":21},"end":{"line":163,"column":22}},"loc":{"start":{"line":163,"column":33},"end":{"line":168,"column":3}},"line":163},"10":{"name":"appendReply","decl":{"start":{"line":172,"column":9},"end":{"line":172,"column":20}},"loc":{"start":{"line":172,"column":43},"end":{"line":179,"column":1}},"line":172},"11":{"name":"submitPost","decl":{"start":{"line":181,"column":9},"end":{"line":181,"column":19}},"loc":{"start":{"line":181,"column":23},"end":{"line":183,"column":1}},"line":181},"12":{"name":"submitEmoji","decl":{"start":{"line":185,"column":15},"end":{"line":185,"column":26}},"loc":{"start":{"line":185,"column":37},"end":{"line":207,"column":1}},"line":185},"13":{"name":"addEmojiListeners","decl":{"start":{"line":209,"column":9},"end":{"line":209,"column":26}},"loc":{"start":{"line":209,"column":29},"end":{"line":225,"column":1}},"line":209},"14":{"name":"(anonymous_14)","decl":{"start":{"line":212,"column":13},"end":{"line":212,"column":14}},"loc":{"start":{"line":212,"column":24},"end":{"line":214,"column":5}},"line":212},"15":{"name":"(anonymous_15)","decl":{"start":{"line":217,"column":13},"end":{"line":217,"column":14}},"loc":{"start":{"line":217,"column":24},"end":{"line":219,"column":5}},"line":217},"16":{"name":"(anonymous_16)","decl":{"start":{"line":222,"column":13},"end":{"line":222,"column":14}},"loc":{"start":{"line":222,"column":24},"end":{"line":224,"column":5}},"line":222},"17":{"name":"emoji1Func","decl":{"start":{"line":227,"column":9},"end":{"line":227,"column":19}},"loc":{"start":{"line":227,"column":27},"end":{"line":230,"column":1}},"line":227},"18":{"name":"emoji2Func","decl":{"start":{"line":231,"column":9},"end":{"line":231,"column":19}},"loc":{"start":{"line":231,"column":27},"end":{"line":234,"column":1}},"line":231},"19":{"name":"emoji3Func","decl":{"start":{"line":235,"column":9},"end":{"line":235,"column":19}},"loc":{"start":{"line":235,"column":27},"end":{"line":238,"column":1}},"line":235},"20":{"name":"createReplyBox","decl":{"start":{"line":240,"column":9},"end":{"line":240,"column":23}},"loc":{"start":{"line":240,"column":26},"end":{"line":265,"column":1}},"line":240},"21":{"name":"(anonymous_21)","decl":{"start":{"line":252,"column":40},"end":{"line":252,"column":41}},"loc":{"start":{"line":252,"column":46},"end":{"line":261,"column":3}},"line":252},"22":{"name":"addReplyListeners","decl":{"start":{"line":267,"column":9},"end":{"line":267,"column":26}},"loc":{"start":{"line":267,"column":40},"end":{"line":271,"column":1}},"line":267},"23":{"name":"(anonymous_23)","decl":{"start":{"line":268,"column":35},"end":{"line":268,"column":36}},"loc":{"start":{"line":268,"column":41},"end":{"line":270,"column":3}},"line":268},"24":{"name":"postReply","decl":{"start":{"line":273,"column":15},"end":{"line":273,"column":24}},"loc":{"start":{"line":273,"column":44},"end":{"line":286,"column":1}},"line":273},"25":{"name":"createGifBox","decl":{"start":{"line":288,"column":9},"end":{"line":288,"column":21}},"loc":{"start":{"line":288,"column":23},"end":{"line":314,"column":1}},"line":288},"26":{"name":"(anonymous_26)","decl":{"start":{"line":324,"column":35},"end":{"line":324,"column":36}},"loc":{"start":{"line":324,"column":42},"end":{"line":331,"column":3}},"line":324},"27":{"name":"(anonymous_27)","decl":{"start":{"line":333,"column":38},"end":{"line":333,"column":39}},"loc":{"start":{"line":333,"column":44},"end":{"line":335,"column":1}},"line":333},"28":{"name":"(anonymous_28)","decl":{"start":{"line":339,"column":39},"end":{"line":339,"column":40}},"loc":{"start":{"line":339,"column":52},"end":{"line":359,"column":1}},"line":339},"29":{"name":"(anonymous_29)","decl":{"start":{"line":362,"column":35},"end":{"line":362,"column":36}},"loc":{"start":{"line":362,"column":42},"end":{"line":368,"column":1}},"line":362}},"branchMap":{"0":{"loc":{"start":{"line":160,"column":2},"end":{"line":162,"column":3}},"type":"if","locations":[{"start":{"line":160,"column":2},"end":{"line":162,"column":3}},{"start":{},"end":{}}],"line":160},"1":{"loc":{"start":{"line":201,"column":2},"end":{"line":206,"column":3}},"type":"if","locations":[{"start":{"line":201,"column":2},"end":{"line":206,"column":3}},{"start":{"line":203,"column":9},"end":{"line":206,"column":3}}],"line":201},"2":{"loc":{"start":{"line":325,"column":4},"end":{"line":329,"column":5}},"type":"if","locations":[{"start":{"line":325,"column":4},"end":{"line":329,"column":5}},{"start":{"line":327,"column":10},"end":{"line":329,"column":5}}],"line":325},"3":{"loc":{"start":{"line":363,"column":2},"end":{"line":365,"column":3}},"type":"if","locations":[{"start":{"line":363,"column":2},"end":{"line":365,"column":3}},{"start":{},"end":{}}],"line":363}},"s":{"0":1,"1":1,"2":1,"3":1,"4":1,"5":0,"6":0,"7":0,"8":0,"9":0,"10":0,"11":0,"12":1,"13":1,"14":1,"15":1,"16":2,"17":1,"18":1,"19":1,"20":1,"21":0,"22":0,"23":1,"24":0,"25":0,"26":0,"27":0,"28":0,"29":0,"30":0,"31":0,"32":0,"33":0,"34":0,"35":0,"36":0,"37":0,"38":0,"39":0,"40":0,"41":3,"42":3,"43":3,"44":3,"45":3,"46":3,"47":3,"48":3,"49":3,"50":3,"51":3,"52":3,"53":3,"54":3,"55":3,"56":3,"57":3,"58":3,"59":3,"60":3,"61":3,"62":3,"63":3,"64":3,"65":3,"66":3,"67":3,"68":3,"69":3,"70":3,"71":3,"72":3,"73":3,"74":3,"75":3,"76":3,"77":3,"78":3,"79":3,"80":3,"81":3,"82":3,"83":3,"84":3,"85":3,"86":3,"87":3,"88":3,"89":3,"90":3,"91":3,"92":3,"93":3,"94":3,"95":3,"96":3,"97":0,"98":3,"99":9,"100":9,"101":9,"102":9,"103":3,"104":0,"105":0,"106":0,"107":0,"108":0,"109":0,"110":0,"111":0,"112":0,"113":0,"114":0,"115":0,"116":0,"117":0,"118":0,"119":0,"120":1,"121":2,"122":1,"123":2,"124":1,"125":2,"126":0,"127":0,"128":0,"129":0,"130":0,"131":0,"132":3,"133":3,"134":3,"135":3,"136":3,"137":3,"138":3,"139":3,"140":3,"141":3,"142":3,"143":0,"144":0,"145":0,"146":0,"147":0,"148":0,"149":0,"150":0,"151":3,"152":3,"153":3,"154":3,"155":0,"156":0,"157":0,"158":0,"159":1,"160":1,"161":1,"162":1,"163":1,"164":1,"165":1,"166":1,"167":1,"168":1,"169":1,"170":1,"171":1,"172":1,"173":1,"174":1,"175":1,"176":1,"177":1,"178":1,"179":1,"180":1,"181":1,"182":1,"183":1,"184":1,"185":1,"186":1,"187":1,"188":0,"189":0,"190":0,"191":1,"192":0,"193":1,"194":1,"195":0,"196":0,"197":0,"198":0,"199":0,"200":0,"201":1,"202":1,"203":0,"204":0,"205":0,"206":0,"207":1},"f":{"0":1,"1":1,"2":1,"3":0,"4":0,"5":0,"6":3,"7":3,"8":3,"9":9,"10":0,"11":0,"12":0,"13":1,"14":2,"15":2,"16":2,"17":0,"18":0,"19":0,"20":3,"21":0,"22":3,"23":0,"24":0,"25":1,"26":0,"27":0,"28":0,"29":0},"b":{"0":[0,3],"1":[0,0],"2":[0,0],"3":[0,0]},"_coverageSchema":"1a1c01bbd47fc00a2c39e90264f33305004495a9","hash":"8b6037333908f5f81e38dc01c60f7a15a5a4fbf2"}
}
