TN:
SF:assets\index.js
FN:24,getPosts
FN:43,getTestPosts
FN:51,getTrendingGifs
FN:62,getSearchGifs
FN:75,createGifs
FN:82,(anonymous_5)
FN:90,createPost
FN:118,createReactions
FN:154,createReplies
FN:159,(anonymous_9)
FN:168,appendReply
FN:177,submitPost
FN:181,submitEmoji
FN:205,addEmojiListeners
FN:208,(anonymous_14)
FN:213,(anonymous_15)
FN:218,(anonymous_16)
FN:223,emoji1Func
FN:227,emoji2Func
FN:231,emoji3Func
FN:236,createReplyBox
FN:248,(anonymous_21)
FN:263,addReplyListeners
FN:264,(anonymous_23)
FN:269,postReply
FN:284,createGifBox
FN:320,(anonymous_26)
FN:329,(anonymous_27)
FN:335,(anonymous_28)
FN:358,(anonymous_29)
FNF:30
FNH:3
FNDA:1,getPosts
FNDA:0,getTestPosts
FNDA:1,getTrendingGifs
FNDA:0,getSearchGifs
FNDA:0,createGifs
FNDA:0,(anonymous_5)
FNDA:0,createPost
FNDA:0,createReactions
FNDA:0,createReplies
FNDA:0,(anonymous_9)
FNDA:0,appendReply
FNDA:0,submitPost
FNDA:0,submitEmoji
FNDA:0,addEmojiListeners
FNDA:0,(anonymous_14)
FNDA:0,(anonymous_15)
FNDA:0,(anonymous_16)
FNDA:0,emoji1Func
FNDA:0,emoji2Func
FNDA:0,emoji3Func
FNDA:0,createReplyBox
FNDA:0,(anonymous_21)
FNDA:0,addReplyListeners
FNDA:0,(anonymous_23)
FNDA:0,postReply
FNDA:1,createGifBox
FNDA:0,(anonymous_26)
FNDA:0,(anonymous_27)
FNDA:0,(anonymous_28)
FNDA:0,(anonymous_29)
DA:2,1
DA:25,1
DA:26,1
DA:27,1
DA:28,1
DA:29,0
DA:30,0
DA:31,0
DA:33,0
DA:34,0
DA:36,0
DA:38,1
DA:44,0
DA:45,0
DA:46,0
DA:48,0
DA:52,1
DA:53,1
DA:54,1
DA:55,0
DA:56,0
DA:58,1
DA:63,0
DA:64,0
DA:65,0
DA:68,0
DA:69,0
DA:71,0
DA:76,0
DA:77,0
DA:78,0
DA:79,0
DA:80,0
DA:81,0
DA:82,0
DA:83,0
DA:84,0
DA:86,0
DA:91,0
DA:92,0
DA:93,0
DA:94,0
DA:95,0
DA:96,0
DA:97,0
DA:98,0
DA:99,0
DA:100,0
DA:101,0
DA:102,0
DA:103,0
DA:104,0
DA:105,0
DA:106,0
DA:108,0
DA:109,0
DA:110,0
DA:111,0
DA:113,0
DA:114,0
DA:115,0
DA:120,0
DA:121,0
DA:123,0
DA:124,0
DA:125,0
DA:126,0
DA:127,0
DA:128,0
DA:129,0
DA:130,0
DA:131,0
DA:132,0
DA:133,0
DA:134,0
DA:135,0
DA:136,0
DA:137,0
DA:138,0
DA:139,0
DA:140,0
DA:141,0
DA:142,0
DA:143,0
DA:144,0
DA:145,0
DA:146,0
DA:147,0
DA:148,0
DA:149,0
DA:150,0
DA:151,0
DA:155,0
DA:156,0
DA:157,0
DA:159,0
DA:160,0
DA:161,0
DA:162,0
DA:163,0
DA:165,0
DA:169,0
DA:170,0
DA:171,0
DA:172,0
DA:173,0
DA:174,0
DA:178,0
DA:182,0
DA:183,0
DA:184,0
DA:185,0
DA:186,0
DA:189,0
DA:197,0
DA:200,0
DA:201,0
DA:206,0
DA:209,0
DA:211,0
DA:214,0
DA:216,0
DA:219,0
DA:224,0
DA:225,0
DA:228,0
DA:229,0
DA:232,0
DA:233,0
DA:237,0
DA:238,0
DA:239,0
DA:240,0
DA:241,0
DA:242,0
DA:243,0
DA:244,0
DA:245,0
DA:246,0
DA:248,0
DA:249,0
DA:250,0
DA:251,0
DA:252,0
DA:253,0
DA:254,0
DA:255,0
DA:256,0
DA:258,0
DA:259,0
DA:260,0
DA:264,0
DA:265,0
DA:270,0
DA:271,0
DA:280,0
DA:285,1
DA:286,1
DA:287,1
DA:288,1
DA:289,1
DA:290,1
DA:291,1
DA:292,1
DA:293,1
DA:294,1
DA:295,1
DA:296,1
DA:297,1
DA:298,1
DA:299,1
DA:300,1
DA:301,1
DA:302,1
DA:303,1
DA:304,1
DA:305,1
DA:306,1
DA:307,1
DA:308,1
DA:309,1
DA:315,1
DA:316,1
DA:317,1
DA:320,1
DA:321,0
DA:322,0
DA:324,0
DA:329,1
DA:330,0
DA:334,1
DA:335,1
DA:336,0
DA:337,0
DA:338,0
DA:339,0
DA:340,0
DA:354,0
DA:357,1
DA:358,1
DA:359,0
DA:360,0
DA:362,0
DA:363,0
DA:369,1
LF:205
LH:45
BRDA:156,0,0,0
BRDA:156,0,1,0
BRDA:197,1,0,0
BRDA:197,1,1,0
BRDA:321,2,0,0
BRDA:321,2,1,0
BRDA:359,3,0,0
BRDA:359,3,1,0
BRF:8
BRH:0
end_of_record
