TN:
SF:assets\index.js
FN:28,getPosts
FN:47,getTestPosts
FN:55,getTrendingGifs
FN:66,getSearchGifs
FN:79,createGifs
FN:86,(anonymous_5)
FN:94,createPost
FN:122,createReactions
FN:158,createReplies
FN:163,(anonymous_9)
FN:172,appendReply
FN:181,submitPost
FN:185,submitEmoji
FN:209,addEmojiListeners
FN:212,(anonymous_14)
FN:217,(anonymous_15)
FN:222,(anonymous_16)
FN:227,emoji1Func
FN:231,emoji2Func
FN:235,emoji3Func
FN:240,createReplyBox
FN:252,(anonymous_21)
FN:267,addReplyListeners
FN:268,(anonymous_23)
FN:274,postReply
FN:289,createGifBox
FNF:26
FNH:16
FNDA:1,getPosts
FNDA:2,getTestPosts
FNDA:2,getTrendingGifs
FNDA:0,getSearchGifs
FNDA:1,createGifs
FNDA:0,(anonymous_5)
FNDA:5,createPost
FNDA:6,createReactions
FNDA:5,createReplies
FNDA:14,(anonymous_9)
FNDA:1,appendReply
FNDA:0,submitPost
FNDA:0,submitEmoji
FNDA:2,addEmojiListeners
FNDA:4,(anonymous_14)
FNDA:4,(anonymous_15)
FNDA:4,(anonymous_16)
FNDA:0,emoji1Func
FNDA:0,emoji2Func
FNDA:0,emoji3Func
FNDA:5,createReplyBox
FNDA:0,(anonymous_21)
FNDA:6,addReplyListeners
FNDA:0,(anonymous_23)
FNDA:0,postReply
FNDA:2,createGifBox
DA:2,1
DA:29,1
DA:30,1
DA:31,1
DA:32,1
DA:33,0
DA:34,0
DA:35,0
DA:37,0
DA:38,0
DA:40,0
DA:42,1
DA:48,2
DA:49,2
DA:50,4
DA:52,2
DA:56,2
DA:57,2
DA:58,2
DA:59,0
DA:60,0
DA:62,2
DA:67,0
DA:68,0
DA:69,0
DA:72,0
DA:73,0
DA:75,0
DA:80,1
DA:81,1
DA:82,1
DA:83,1
DA:84,1
DA:85,1
DA:86,1
DA:87,0
DA:88,0
DA:90,1
DA:95,5
DA:96,5
DA:97,5
DA:98,5
DA:99,5
DA:100,5
DA:101,5
DA:102,5
DA:103,5
DA:104,5
DA:105,5
DA:106,5
DA:107,5
DA:108,5
DA:109,5
DA:110,5
DA:112,5
DA:113,5
DA:114,5
DA:115,5
DA:117,5
DA:118,5
DA:119,5
DA:124,6
DA:125,6
DA:127,6
DA:128,6
DA:129,6
DA:130,6
DA:131,6
DA:132,6
DA:133,6
DA:134,6
DA:135,6
DA:136,6
DA:137,6
DA:138,6
DA:139,6
DA:140,6
DA:141,6
DA:142,6
DA:143,6
DA:144,6
DA:145,6
DA:146,6
DA:147,6
DA:148,6
DA:149,6
DA:150,6
DA:151,6
DA:152,6
DA:153,6
DA:154,6
DA:155,6
DA:159,5
DA:160,5
DA:161,0
DA:163,5
DA:164,14
DA:165,14
DA:166,14
DA:167,14
DA:169,5
DA:173,1
DA:174,1
DA:175,1
DA:176,1
DA:177,1
DA:178,1
DA:182,0
DA:186,0
DA:187,0
DA:188,0
DA:189,0
DA:190,0
DA:193,0
DA:201,0
DA:204,0
DA:205,0
DA:210,2
DA:213,4
DA:215,2
DA:218,4
DA:220,2
DA:223,4
DA:228,0
DA:229,0
DA:232,0
DA:233,0
DA:236,0
DA:237,0
DA:241,5
DA:242,5
DA:243,5
DA:244,5
DA:245,5
DA:246,5
DA:247,5
DA:248,5
DA:249,5
DA:250,5
DA:252,5
DA:253,0
DA:254,0
DA:255,0
DA:256,0
DA:257,0
DA:258,0
DA:259,0
DA:260,0
DA:262,5
DA:263,5
DA:264,5
DA:268,6
DA:269,0
DA:271,6
DA:275,0
DA:276,0
DA:285,0
DA:290,2
DA:291,2
DA:292,2
DA:293,2
DA:294,2
DA:295,2
DA:296,2
DA:297,2
DA:298,2
DA:299,2
DA:300,2
DA:301,2
DA:302,2
DA:303,2
DA:304,2
DA:305,2
DA:306,2
DA:307,2
DA:308,2
DA:309,2
DA:310,2
DA:311,2
DA:312,2
DA:313,2
DA:314,2
DA:320,1
DA:321,1
DA:322,1
DA:328,1
DA:331,1
DA:337,1
LF:188
LH:143
BRDA:160,0,0,0
BRDA:160,0,1,5
BRDA:201,1,0,0
BRDA:201,1,1,0
BRF:4
BRH:1
end_of_record
